the number of matches found from the keyword query is  :194
Skipping 0 results and diplaying top  17 results
Spatial Seacrh
Received 17 results
1---------->1047172284: Set of 3 Star Wars posters from the late 70s
2---------->1309253249: Vivitar Series 1 70-210mm Zoom - Nikon AI
3---------->1494228868: The Truman Show-Movie-1998 Original Script
4---------->1494664815: Christina Ricci 6 FLAWLESS BEA photos!!
5---------->1494666817: DAISY FUENTES 6 Photos SEXXY LEATHER OUTFIT!!
6---------->1496216156: DARK ANGEL SEASON 1 NO COMMERCIALS JESS ALBA
7---------->1496387414: AUTOGRAPHED Buffy The Vampire Slayer script!
8---------->1496946372: Daisy Fuentes GORGEOUS FACE 8x10 Photo!!
9---------->1497158463: !!! BUFFY THE VAMPIRE SLAYER SCRIPTS !!!
10---------->1497262695: JUNE 1914 THE THEATRE-George M. Cohan & MORE!
11---------->1497651893: Eldorado * 1921 * Expressionist Silent VHS
12---------->1497742601: Fast and the Furious DVD NEW Paul Walker
13---------->1497781678: Joshua Jackson HOT HOT HOT HOT 8x10 Pic!
14---------->1674875191: Mens Men Armani Exchange A/X coat jacket L
15---------->1676070903: Cosmopolitan Virtual Makeover 2 Deluxe - NEW
16---------->1677060104: Red/Blue BOSS Polo Shirt - New!! Must See!
17---------->1678099095: Harley-Davidson Black Wool Neck Scarf L@@K!!!
